# JRE version: OpenJDK Runtime Environment Microsoft-13877129 (17.0.19+10) (build 17.0.19+10-LTS)
# Java VM: OpenJDK 64-Bit Server VM Microsoft-13877129 (17.0.19+10-LTS, mixed mode, sharing, tiered, compressed oops, compressed class ptrs, g1 gc, windows-amd64)
GC Precious Log:
 CPUs: 12 total, 12 available
 Memory: 32616M
 Large Page Support: Disabled
 NUMA Support: Disabled
 Compressed Oops: Enabled (Zero based)
 Heap Region Size: 2M
 Heap Min Capacity: 8M
 Heap Initial Capacity: 510M
 Heap Max Capacity: 4G
 Pre-touch: Disabled
 Parallel Workers: 10
 Concurrent Workers: 3
 Concurrent Refinement Workers: 10
 Periodic GC: Disabled
Heap:
 garbage-first heap   total 106496K, used 59445K [0x0000000700000000, 0x0000000800000000)
  region size 2048K, 2 young (4096K), 2 survivors (4096K)
 Metaspace       used 57211K, committed 57728K, reserved 1114112K
  class space    used 7899K, committed 8128K, reserved 1048576K
GC Heap History (20 events):
Event: 6.549 GC heap after
{Heap after GC invocations=13 (full 0):
 garbage-first heap   total 96256K, used 37072K [0x0000000700000000, 0x0000000800000000)
  region size 2048K, 2 young (4096K), 2 survivors (4096K)
 Metaspace       used 45068K, committed 45632K, reserved 1114112K
  class space    used 6246K, committed 6528K, reserved 1048576K
}
Event: 6.813 GC heap before
{Heap before GC invocations=13 (full 0):
 garbage-first heap   total 96256K, used 73936K [0x0000000700000000, 0x0000000800000000)
  region size 2048K, 20 young (40960K), 2 survivors (4096K)
 Metaspace       used 48305K, committed 48896K, reserved 1114112K
  class space    used 6660K, committed 6912K, reserved 1048576K
}
Event: 6.815 GC heap after
{Heap after GC invocations=14 (full 0):
 garbage-first heap   total 96256K, used 39885K [0x0000000700000000, 0x0000000800000000)
  region size 2048K, 3 young (6144K), 3 survivors (6144K)
 Metaspace       used 48305K, committed 48896K, reserved 1114112K
  class space    used 6660K, committed 6912K, reserved 1048576K
}
Event: 7.130 GC heap before
{Heap before GC invocations=14 (full 0):
 garbage-first heap   total 96256K, used 74701K [0x0000000700000000, 0x0000000800000000)
  region size 2048K, 20 young (40960K), 3 survivors (6144K)
 Metaspace       used 51876K, committed 52480K, reserved 1114112K
  class space    used 7199K, committed 7488K, reserved 1048576K
}
Event: 7.133 GC heap after
{Heap after GC invocations=15 (full 0):
 garbage-first heap   total 96256K, used 41988K [0x0000000700000000, 0x0000000800000000)
  region size 2048K, 3 young (6144K), 3 survivors (6144K)
 Metaspace       used 51876K, committed 52480K, reserved 1114112K
  class space    used 7199K, committed 7488K, reserved 1048576K
}
Event: 7.792 GC heap before
{Heap before GC invocations=15 (full 0):
 garbage-first heap   total 96256K, used 74756K [0x0000000700000000, 0x0000000800000000)
  region size 2048K, 19 young (38912K), 3 survivors (6144K)
 Metaspace       used 55146K, committed 55744K, reserved 1114112K
  class space    used 7684K, committed 7936K, reserved 1048576K
}
Event: 7.794 GC heap after
{Heap after GC invocations=16 (full 0):
 garbage-first heap   total 96256K, used 44190K [0x0000000700000000, 0x0000000800000000)
  region size 2048K, 3 young (6144K), 3 survivors (6144K)
 Metaspace       used 55146K, committed 55744K, reserved 1114112K
  class space    used 7684K, committed 7936K, reserved 1048576K
}
Event: 8.209 GC heap before
{Heap before GC invocations=16 (full 0):
 garbage-first heap   total 96256K, used 72862K [0x0000000700000000, 0x0000000800000000)
  region size 2048K, 18 young (36864K), 3 survivors (6144K)
 Metaspace       used 56364K, committed 56896K, reserved 1114112K
  class space    used 7820K, committed 8064K, reserved 1048576K
}
Event: 8.212 GC heap after
{Heap after GC invocations=17 (full 0):
 garbage-first heap   total 96256K, used 49959K [0x0000000700000000, 0x0000000800000000)
  region size 2048K, 3 young (6144K), 3 survivors (6144K)
 Metaspace       used 56364K, committed 56896K, reserved 1114112K
  class space    used 7820K, committed 8064K, reserved 1048576K
}
Event: 8.329 GC heap before
{Heap before GC invocations=17 (full 0):
 garbage-first heap   total 96256K, used 72487K [0x0000000700000000, 0x0000000800000000)
  region size 2048K, 15 young (30720K), 3 survivors (6144K)
 Metaspace       used 56753K, committed 57344K, reserved 1114112K
  class space    used 7873K, committed 8128K, reserved 1048576K
}
Event: 8.332 GC heap after
{Heap after GC invocations=18 (full 0):
 garbage-first heap   total 96256K, used 53903K [0x0000000700000000, 0x0000000800000000)
  region size 2048K, 2 young (4096K), 2 survivors (4096K)
 Metaspace       used 56753K, committed 57344K, reserved 1114112K
  class space    used 7873K, committed 8128K, reserved 1048576K
}
Event: 8.411 GC heap before
{Heap before GC invocations=19 (full 0):
 garbage-first heap   total 102400K, used 74383K [0x0000000700000000, 0x0000000800000000)
  region size 2048K, 12 young (24576K), 2 survivors (4096K)
 Metaspace       used 56846K, committed 57408K, reserved 1114112K
  class space    used 7873K, committed 8128K, reserved 1048576K
}
Event: 8.413 GC heap after
{Heap after GC invocations=20 (full 0):
 garbage-first heap   total 102400K, used 55249K [0x0000000700000000, 0x0000000800000000)
  region size 2048K, 2 young (4096K), 2 survivors (4096K)
 Metaspace       used 56846K, committed 57408K, reserved 1114112K
  class space    used 7873K, committed 8128K, reserved 1048576K
}
Event: 8.523 GC heap before
{Heap before GC invocations=20 (full 0):
 garbage-first heap   total 102400K, used 79825K [0x0000000700000000, 0x0000000800000000)
  region size 2048K, 14 young (28672K), 2 survivors (4096K)
 Metaspace       used 57105K, committed 57664K, reserved 1114112K
  class space    used 7898K, committed 8128K, reserved 1048576K
}
Event: 8.525 GC heap after
{Heap after GC invocations=21 (full 0):
 garbage-first heap   total 102400K, used 56693K [0x0000000700000000, 0x0000000800000000)
  region size 2048K, 2 young (4096K), 2 survivors (4096K)
 Metaspace       used 57105K, committed 57664K, reserved 1114112K
  class space    used 7898K, committed 8128K, reserved 1048576K
}
Event: 8.615 GC heap before
{Heap before GC invocations=22 (full 0):
 garbage-first heap   total 106496K, used 79221K [0x0000000700000000, 0x0000000800000000)
  region size 2048K, 13 young (26624K), 2 survivors (4096K)
 Metaspace       used 57176K, committed 57728K, reserved 1114112K
  class space    used 7898K, committed 8128K, reserved 1048576K
}
Event: 8.617 GC heap after
{Heap after GC invocations=23 (full 0):
 garbage-first heap   total 106496K, used 57746K [0x0000000700000000, 0x0000000800000000)
  region size 2048K, 2 young (4096K), 2 survivors (4096K)
 Metaspace       used 57176K, committed 57728K, reserved 1114112K
  class space    used 7898K, committed 8128K, reserved 1048576K
}
Event: 8.621 GC heap before
{Heap before GC invocations=23 (full 0):
 garbage-first heap   total 106496K, used 57746K [0x0000000700000000, 0x0000000800000000)
  region size 2048K, 3 young (6144K), 2 survivors (4096K)
 Metaspace       used 57176K, committed 57728K, reserved 1114112K
  class space    used 7898K, committed 8128K, reserved 1048576K
}
Event: 8.623 GC heap after
{Heap after GC invocations=24 (full 0):
 garbage-first heap   total 106496K, used 56865K [0x0000000700000000, 0x0000000800000000)
  region size 2048K, 1 young (2048K), 1 survivors (2048K)
 Metaspace       used 57176K, committed 57728K, reserved 1114112K
  class space    used 7898K, committed 8128K, reserved 1048576K
}
Event: 8.688 GC heap before
{Heap before GC invocations=24 (full 0):
 garbage-first heap   total 106496K, used 81441K [0x0000000700000000, 0x0000000800000000)
  region size 2048K, 13 young (26624K), 1 survivors (2048K)
 Metaspace       used 57211K, committed 57728K, reserved 1114112K
  class space    used 7899K, committed 8128K, reserved 1048576K
}

